c:\users\haruseiyamada\desktop\gm31\gm31_syusyoku09\gm31gamebase\x64\debug\collision.obj
c:\users\haruseiyamada\desktop\gm31\gm31_syusyoku09\gm31gamebase\x64\debug\shadow.obj
c:\users\haruseiyamada\desktop\gm31\gm31_syusyoku09\gm31gamebase\x64\debug\main.obj
c:\users\haruseiyamada\desktop\gm31\gm31_syusyoku09\gm31gamebase\x64\debug\polygon2d.obj
c:\users\haruseiyamada\desktop\gm31\gm31_syusyoku09\gm31gamebase\x64\debug\animationmodel.obj
c:\users\haruseiyamada\desktop\gm31\gm31_syusyoku09\gm31gamebase\x64\debug\tree.obj
c:\users\haruseiyamada\desktop\gm31\gm31_syusyoku09\gm31gamebase\x64\debug\enemy.obj
c:\users\haruseiyamada\desktop\gm31\gm31_syusyoku09\gm31gamebase\x64\debug\spritemove.obj
c:\users\haruseiyamada\desktop\gm31\gm31_syusyoku09\gm31gamebase\x64\debug\game.obj
c:\users\haruseiyamada\desktop\gm31\gm31_syusyoku09\gm31gamebase\x64\debug\sprite.obj
c:\users\haruseiyamada\desktop\gm31\gm31_syusyoku09\gm31gamebase\x64\debug\manager.obj
c:\users\haruseiyamada\desktop\gm31\gm31_syusyoku09\gm31gamebase\x64\debug\renderer.obj
c:\users\haruseiyamada\desktop\gm31\gm31_syusyoku09\gm31gamebase\x64\debug\field.obj
c:\users\haruseiyamada\desktop\gm31\gm31_syusyoku09\gm31gamebase\x64\debug\model.obj
c:\users\haruseiyamada\desktop\gm31\gm31_syusyoku09\gm31gamebase\x64\debug\camera.obj
c:\users\haruseiyamada\desktop\gm31\gm31_syusyoku09\gm31gamebase\x64\debug\rock.obj
c:\users\haruseiyamada\desktop\gm31\gm31_syusyoku09\gm31gamebase\x64\debug\bullet.obj
c:\users\haruseiyamada\desktop\gm31\gm31_syusyoku09\gm31gamebase\x64\debug\sky.obj
c:\users\haruseiyamada\desktop\gm31\gm31_syusyoku09\gm31gamebase\x64\debug\input.obj
c:\users\haruseiyamada\desktop\gm31\gm31_syusyoku09\gm31gamebase\x64\debug\playeractioncollision.obj
c:\users\haruseiyamada\desktop\gm31\gm31_syusyoku09\gm31gamebase\x64\debug\explosion.obj
c:\users\haruseiyamada\desktop\gm31\gm31_syusyoku09\gm31gamebase\x64\debug\player.obj
c:\users\haruseiyamada\desktop\gm31\gm31_syusyoku09\gm31gamebase\x64\debug\bodycollision.obj
c:\users\haruseiyamada\desktop\gm31\gm31_syusyoku09\gm31gamebase\x64\debug\meshfield.obj
c:\users\haruseiyamada\desktop\gm31\gm31_syusyoku09\gm31gamebase\x64\debug\vc141.pdb
c:\users\haruseiyamada\desktop\gm31\gm31_syusyoku09\gm31gamebase\shader\unlittextureps.cso
c:\users\haruseiyamada\desktop\gm31\gm31_syusyoku09\gm31gamebase\shader\unlittexturevs.cso
c:\users\haruseiyamada\desktop\gm31\gm31_syusyoku09\gm31gamebase\shader\vertexlightingps.cso
c:\users\haruseiyamada\desktop\gm31\gm31_syusyoku09\gm31gamebase\shader\vertexlightingvs.cso
c:\users\haruseiyamada\desktop\gm31\gm31_syusyoku09\gm31gamebase\x64\debug\gm31game.ilk
c:\users\haruseiyamada\desktop\gm31\gm31_syusyoku09\gm31gamebase\x64\debug\gm31game.exe
c:\users\haruseiyamada\desktop\gm31\gm31_syusyoku09\gm31gamebase\x64\debug\gm31game.pdb
c:\users\haruseiyamada\desktop\gm31\gm31_syusyoku09\gm31gamebase\x64\debug\vc141.idb
c:\users\haruseiyamada\desktop\gm31\gm31_syusyoku09\gm31gamebase\x64\debug\gm31game.tlog\cl.10356.write.1.tlog
c:\users\haruseiyamada\desktop\gm31\gm31_syusyoku09\gm31gamebase\x64\debug\gm31game.tlog\cl.command.1.tlog
c:\users\haruseiyamada\desktop\gm31\gm31_syusyoku09\gm31gamebase\x64\debug\gm31game.tlog\cl.read.1.tlog
c:\users\haruseiyamada\desktop\gm31\gm31_syusyoku09\gm31gamebase\x64\debug\gm31game.tlog\fxc.command.1.tlog
c:\users\haruseiyamada\desktop\gm31\gm31_syusyoku09\gm31gamebase\x64\debug\gm31game.tlog\fxc.read.1.tlog
c:\users\haruseiyamada\desktop\gm31\gm31_syusyoku09\gm31gamebase\x64\debug\gm31game.tlog\fxc.write.1.tlog
c:\users\haruseiyamada\desktop\gm31\gm31_syusyoku09\gm31gamebase\x64\debug\gm31game.tlog\link.command.1.tlog
c:\users\haruseiyamada\desktop\gm31\gm31_syusyoku09\gm31gamebase\x64\debug\gm31game.tlog\link.read.1.tlog
c:\users\haruseiyamada\desktop\gm31\gm31_syusyoku09\gm31gamebase\x64\debug\gm31game.tlog\link.write.1.tlog
